week01_project3/app/build/intermediates/manifest_merge_blame_file/release/processReleaseMainManifest/manifest-merger-blame-release-report.txt
1<?xml version="1.0" encoding="utf-8"?>
2<manifest xmlns:android="http://schemas.android.com/apk/res/android"
3    package="com.example.week01_project2"
4    android:versionCode="1"
5    android:versionName="1.0" >
6
7    <uses-sdk
8        android:minSdkVersion="24"
9        android:targetSdkVersion="34" />
10
11    <uses-feature
11-->src/main/AndroidManifest.xml:5:5-7:36
12        android:name="android.hardware.camera"
12-->src/main/AndroidManifest.xml:6:9-47
13        android:required="false" />
13-->src/main/AndroidManifest.xml:7:9-33
14
15    <uses-permission android:name="android.permission.RECORD_AUDIO" />
15-->src/main/AndroidManifest.xml:9:5-71
15-->src/main/AndroidManifest.xml:9:22-68
16    <uses-permission android:name="android.permission.CAMERA" />
16-->src/main/AndroidManifest.xml:10:5-65
16-->src/main/AndroidManifest.xml:10:22-62
17    <uses-permission android:name="android.permission.WRITE_EXTERNAL_STORAGE" />
17-->src/main/AndroidManifest.xml:11:5-81
17-->src/main/AndroidManifest.xml:11:22-78
18    <uses-permission android:name="android.permission.READ_EXTERNAL_STORAGE" />
18-->src/main/AndroidManifest.xml:12:5-80
18-->src/main/AndroidManifest.xml:12:22-77
19
20    <permission
20-->[androidx.core:core:1.13.0] AndroidManifest.xml:22:5-24:47
21        android:name="com.example.week01_project2.DYNAMIC_RECEIVER_NOT_EXPORTED_PERMISSION"
21-->[androidx.core:core:1.13.0] AndroidManifest.xml:23:9-81
22        android:protectionLevel="signature" />
22-->[androidx.core:core:1.13.0] AndroidManifest.xml:24:9-44
23
24    <uses-permission android:name="com.example.week01_project2.DYNAMIC_RECEIVER_NOT_EXPORTED_PERMISSION" />
24-->[androidx.core:core:1.13.0] AndroidManifest.xml:26:5-97
24-->[androidx.core:core:1.13.0] AndroidManifest.xml:26:22-94
25
26    <application
26-->src/main/AndroidManifest.xml:14:5-50:19
27        android:allowBackup="true"
27-->src/main/AndroidManifest.xml:15:9-35
28        android:appComponentFactory="androidx.core.app.CoreComponentFactory"
28-->[androidx.core:core:1.13.0] AndroidManifest.xml:28:18-86
29        android:dataExtractionRules="@xml/data_extraction_rules"
29-->src/main/AndroidManifest.xml:16:9-65
30        android:extractNativeLibs="false"
31        android:fullBackupContent="@xml/backup_rules"
31-->src/main/AndroidManifest.xml:17:9-54
32        android:icon="@mipmap/ic_launcher"
32-->src/main/AndroidManifest.xml:18:9-43
33        android:label="@string/app_name"
33-->src/main/AndroidManifest.xml:19:9-41
34        android:roundIcon="@mipmap/ic_launcher_round"
34-->src/main/AndroidManifest.xml:20:9-54
35        android:supportsRtl="true"
35-->src/main/AndroidManifest.xml:21:9-35
36        android:theme="@style/Theme.Week01_project2" >
36-->src/main/AndroidManifest.xml:22:9-53
37        <activity
37-->src/main/AndroidManifest.xml:24:9-32:20
38            android:name="com.example.week01_project2.MainActivity"
38-->src/main/AndroidManifest.xml:25:13-41
39            android:exported="true" >
39-->src/main/AndroidManifest.xml:26:13-36
40            <intent-filter>
40-->src/main/AndroidManifest.xml:27:13-31:29
41                <action android:name="android.intent.action.MAIN" />
41-->src/main/AndroidManifest.xml:28:17-69
41-->src/main/AndroidManifest.xml:28:25-66
42
43                <category android:name="android.intent.category.LAUNCHER" />
43-->src/main/AndroidManifest.xml:30:17-77
43-->src/main/AndroidManifest.xml:30:27-74
44            </intent-filter>
45        </activity>
46        <activity android:name="com.example.week01_project2.GalleryActivity" />
46-->src/main/AndroidManifest.xml:33:9-53
46-->src/main/AndroidManifest.xml:33:19-50
47        <activity android:name="com.example.week01_project2.CameraActivity" />
47-->src/main/AndroidManifest.xml:34:9-52
47-->src/main/AndroidManifest.xml:34:19-49
48        <activity android:name="com.example.week01_project2.FanActivity_temp" />
48-->src/main/AndroidManifest.xml:35:9-54
48-->src/main/AndroidManifest.xml:35:19-51
49        <activity android:name="com.example.week01_project2.FanActivity" />
49-->src/main/AndroidManifest.xml:36:9-49
49-->src/main/AndroidManifest.xml:36:19-46
50        <activity android:name="com.example.week01_project2.FanActivity2" />
50-->src/main/AndroidManifest.xml:37:9-50
50-->src/main/AndroidManifest.xml:37:19-47
51        <activity android:name="com.example.week01_project2.FanActivity3" />
51-->src/main/AndroidManifest.xml:38:9-50
51-->src/main/AndroidManifest.xml:38:19-47
52        <activity android:name="com.example.week01_project2.DetailActivity" />
52-->src/main/AndroidManifest.xml:39:9-52
52-->src/main/AndroidManifest.xml:39:19-49
53
54        <provider
54-->src/main/AndroidManifest.xml:41:9-49:20
55            android:name="androidx.core.content.FileProvider"
55-->src/main/AndroidManifest.xml:42:13-62
56            android:authorities="com.example.week01_project2.fileprovider"
56-->src/main/AndroidManifest.xml:43:13-75
57            android:exported="false"
57-->src/main/AndroidManifest.xml:44:13-37
58            android:grantUriPermissions="true" >
58-->src/main/AndroidManifest.xml:45:13-47
59            <meta-data
59-->src/main/AndroidManifest.xml:46:13-48:62
60                android:name="android.support.FILE_PROVIDER_PATHS"
60-->src/main/AndroidManifest.xml:47:17-67
61                android:resource="@xml/fileprovider_paths" />
61-->src/main/AndroidManifest.xml:48:17-59
62        </provider>
63        <provider
63-->[androidx.emoji2:emoji2:1.3.0] AndroidManifest.xml:24:9-32:20
64            android:name="androidx.startup.InitializationProvider"
64-->[androidx.emoji2:emoji2:1.3.0] AndroidManifest.xml:25:13-67
65            android:authorities="com.example.week01_project2.androidx-startup"
65-->[androidx.emoji2:emoji2:1.3.0] AndroidManifest.xml:26:13-68
66            android:exported="false" >
66-->[androidx.emoji2:emoji2:1.3.0] AndroidManifest.xml:27:13-37
67            <meta-data
67-->[androidx.emoji2:emoji2:1.3.0] AndroidManifest.xml:29:13-31:52
68                android:name="androidx.emoji2.text.EmojiCompatInitializer"
68-->[androidx.emoji2:emoji2:1.3.0] AndroidManifest.xml:30:17-75
69                android:value="androidx.startup" />
69-->[androidx.emoji2:emoji2:1.3.0] AndroidManifest.xml:31:17-49
70            <meta-data
70-->[androidx.lifecycle:lifecycle-process:2.8.7] AndroidManifest.xml:29:13-31:52
71                android:name="androidx.lifecycle.ProcessLifecycleInitializer"
71-->[androidx.lifecycle:lifecycle-process:2.8.7] AndroidManifest.xml:30:17-78
72                android:value="androidx.startup" />
72-->[androidx.lifecycle:lifecycle-process:2.8.7] AndroidManifest.xml:31:17-49
73            <meta-data
73-->[androidx.profileinstaller:profileinstaller:1.4.0] AndroidManifest.xml:29:13-31:52
74                android:name="androidx.profileinstaller.ProfileInstallerInitializer"
74-->[androidx.profileinstaller:profileinstaller:1.4.0] AndroidManifest.xml:30:17-85
75                android:value="androidx.startup" />
75-->[androidx.profileinstaller:profileinstaller:1.4.0] AndroidManifest.xml:31:17-49
76        </provider>
77
78        <uses-library
78-->[androidx.window:window:1.0.0] AndroidManifest.xml:25:9-27:40
79            android:name="androidx.window.extensions"
79-->[androidx.window:window:1.0.0] AndroidManifest.xml:26:13-54
80            android:required="false" />
80-->[androidx.window:window:1.0.0] AndroidManifest.xml:27:13-37
81        <uses-library
81-->[androidx.window:window:1.0.0] AndroidManifest.xml:28:9-30:40
82            android:name="androidx.window.sidecar"
82-->[androidx.window:window:1.0.0] AndroidManifest.xml:29:13-51
83            android:required="false" />
83-->[androidx.window:window:1.0.0] AndroidManifest.xml:30:13-37
84
85        <receiver
85-->[androidx.profileinstaller:profileinstaller:1.4.0] AndroidManifest.xml:34:9-52:20
86            android:name="androidx.profileinstaller.ProfileInstallReceiver"
86-->[androidx.profileinstaller:profileinstaller:1.4.0] AndroidManifest.xml:35:13-76
87            android:directBootAware="false"
87-->[androidx.profileinstaller:profileinstaller:1.4.0] AndroidManifest.xml:36:13-44
88            android:enabled="true"
88-->[androidx.profileinstaller:profileinstaller:1.4.0] AndroidManifest.xml:37:13-35
89            android:exported="true"
89-->[androidx.profileinstaller:profileinstaller:1.4.0] AndroidManifest.xml:38:13-36
90            android:permission="android.permission.DUMP" >
90-->[androidx.profileinstaller:profileinstaller:1.4.0] AndroidManifest.xml:39:13-57
91            <intent-filter>
91-->[androidx.profileinstaller:profileinstaller:1.4.0] AndroidManifest.xml:40:13-42:29
92                <action android:name="androidx.profileinstaller.action.INSTALL_PROFILE" />
92-->[androidx.profileinstaller:profileinstaller:1.4.0] AndroidManifest.xml:41:17-91
92-->[androidx.profileinstaller:profileinstaller:1.4.0] AndroidManifest.xml:41:25-88
93            </intent-filter>
94            <intent-filter>
94-->[androidx.profileinstaller:profileinstaller:1.4.0] AndroidManifest.xml:43:13-45:29
95                <action android:name="androidx.profileinstaller.action.SKIP_FILE" />
95-->[androidx.profileinstaller:profileinstaller:1.4.0] AndroidManifest.xml:44:17-85
95-->[androidx.profileinstaller:profileinstaller:1.4.0] AndroidManifest.xml:44:25-82
96            </intent-filter>
97            <intent-filter>
97-->[androidx.profileinstaller:profileinstaller:1.4.0] AndroidManifest.xml:46:13-48:29
98                <action android:name="androidx.profileinstaller.action.SAVE_PROFILE" />
98-->[androidx.profileinstaller:profileinstaller:1.4.0] AndroidManifest.xml:47:17-88
98-->[androidx.profileinstaller:profileinstaller:1.4.0] AndroidManifest.xml:47:25-85
99            </intent-filter>
100            <intent-filter>
100-->[androidx.profileinstaller:profileinstaller:1.4.0] AndroidManifest.xml:49:13-51:29
101                <action android:name="androidx.profileinstaller.action.BENCHMARK_OPERATION" />
101-->[androidx.profileinstaller:profileinstaller:1.4.0] AndroidManifest.xml:50:17-95
101-->[androidx.profileinstaller:profileinstaller:1.4.0] AndroidManifest.xml:50:25-92
102            </intent-filter>
103        </receiver>
104    </application>
105
106</manifest>